MaraSongs/app/build/intermediates/manifest_merge_blame_file/debug/manifest-merger-blame-debug-report.txt
1<?xml version="1.0" encoding="utf-8"?>
2<manifest xmlns:android="http://schemas.android.com/apk/res/android"
3    package="com.hijiyam_koubou.marasongs"
4    android:versionCode="9341248"
5    android:versionName="1.2.48" >
6
7    <uses-sdk
8        android:minSdkVersion="31"
8-->src\main\AndroidManifest.xml
9        android:targetSdkVersion="33" />
9-->src\main\AndroidManifest.xml
10
11    <uses-permission android:name="android.permission.FOREGROUND_SERVICE" />
11-->src\main\AndroidManifest.xml:5:5-77
11-->src\main\AndroidManifest.xml:5:22-74
12    <uses-permission android:name="android.permission.BLUETOOTH_CONNECT" />
12-->src\main\AndroidManifest.xml:6:5-76
12-->src\main\AndroidManifest.xml:6:22-73
13    <uses-permission android:name="android.permission.BLUETOOTH_SCAN" />
13-->src\main\AndroidManifest.xml:7:5-73
13-->src\main\AndroidManifest.xml:7:22-70
14    <uses-permission android:name="android.permission.ACCESS_NETWORK_STATE" />
14-->src\main\AndroidManifest.xml:8:5-79
14-->src\main\AndroidManifest.xml:8:22-76
15    <uses-permission android:name="android.permission.READ_CONTACTS" />
15-->src\main\AndroidManifest.xml:9:5-72
15-->src\main\AndroidManifest.xml:9:22-69
16    <uses-permission android:name="android.permission.WRITE_CONTACTS" />
16-->src\main\AndroidManifest.xml:10:5-73
16-->src\main\AndroidManifest.xml:10:22-70
17    <uses-permission android:name="android.permission.READ_MEDIA_AUDIO" />
17-->src\main\AndroidManifest.xml:11:5-75
17-->src\main\AndroidManifest.xml:11:22-72
18    <uses-permission android:name="android.permission.READ_MEDIA_IMAGES" />
18-->src\main\AndroidManifest.xml:12:5-76
18-->src\main\AndroidManifest.xml:12:22-73
19    <uses-permission android:name="android.permission.INTERNET" />
19-->src\main\AndroidManifest.xml:13:5-67
19-->src\main\AndroidManifest.xml:13:22-64
20    <uses-permission android:name="android.permission.BLUETOOTH" />
20-->src\main\AndroidManifest.xml:14:5-68
20-->src\main\AndroidManifest.xml:14:22-65
21    <uses-permission android:name="android.permission.POST_NOTIFICATIONS" />
21-->src\main\AndroidManifest.xml:15:5-77
21-->src\main\AndroidManifest.xml:15:22-74
22    <uses-permission android:name="com.google.android.gms.permission.AD_ID" />
22-->src\main\AndroidManifest.xml:16:5-78
22-->src\main\AndroidManifest.xml:16:22-76
23
24    <uses-feature
24-->src\main\AndroidManifest.xml:18:5-20:35
25        android:name="android.hardware.bluetooth"
25-->src\main\AndroidManifest.xml:19:9-50
26        android:required="true" /> <!-- リモコン操作 -->
26-->src\main\AndroidManifest.xml:20:9-32
27    <!-- <uses-permission android:name="android.permission.READ_PHONE_STATE"/> -->
28    <uses-permission android:name="android.permission.BLUETOOTH_ADMIN" /> <!-- ビジュアライザー -->
28-->src\main\AndroidManifest.xml:22:5-74
28-->src\main\AndroidManifest.xml:22:22-71
29    <uses-permission android:name="android.permission.RECORD_AUDIO" />
29-->src\main\AndroidManifest.xml:23:5-71
29-->src\main\AndroidManifest.xml:23:22-68
30    <uses-permission android:name="android.permission.MODIFY_AUDIO_SETTINGS" /> <!-- BluetoothA2dpの取得も兼ねる -->
30-->src\main\AndroidManifest.xml:24:5-80
30-->src\main\AndroidManifest.xml:24:22-77
31    <!-- 未使用 -->
32    <uses-permission android:name="android.permission.WAKE_LOCK" /> <!-- 20160409&lt;!&ndash;ロック画面　廃止&ndash;&gt; -->
32-->src\main\AndroidManifest.xml:26:5-68
32-->src\main\AndroidManifest.xml:26:22-65
33    <permission android:name="android.permission.MEDIA_CONTENT_CONTROL" />
33-->src\main\AndroidManifest.xml:27:5-75
33-->src\main\AndroidManifest.xml:27:17-72
34    <permission android:name="android.permission.MEDIA_CONTENT_CONTROL" /> <!-- ALIL33 -->
34-->src\main\AndroidManifest.xml:27:5-75
34-->src\main\AndroidManifest.xml:27:17-72
35    <uses-permission android:name="android.permission.READ_USER_DICTIONARY" />
35-->src\main\AndroidManifest.xml:29:5-79
35-->src\main\AndroidManifest.xml:29:22-76
36    <uses-permission
36-->src\main\AndroidManifest.xml:30:5-32:38
37        android:name="android.permission.WRITE_EXTERNAL_STORAGE"
37-->src\main\AndroidManifest.xml:31:9-65
38        android:maxSdkVersion="31" />
38-->src\main\AndroidManifest.xml:32:9-35
39    <uses-permission
39-->src\main\AndroidManifest.xml:33:5-35:38
40        android:name="android.permission.READ_EXTERNAL_STORAGE"
40-->src\main\AndroidManifest.xml:34:9-64
41        android:maxSdkVersion="33" />
41-->src\main\AndroidManifest.xml:35:9-35
42    <uses-permission android:name="android.permission.MANAGE_EXTERNAL_STORAGE" />
42-->src\main\AndroidManifest.xml:36:5-38:40
42-->src\main\AndroidManifest.xml:37:9-66
43
44    <!-- Android package visibility setting -->
45    <queries>
45-->[com.google.android.gms:play-services-ads-lite:22.0.0] AndroidManifest.xml:32:5-48:15
46
47        <!-- For browser content -->
48        <intent>
48-->[com.google.android.gms:play-services-ads-lite:22.0.0] AndroidManifest.xml:35:9-41:18
49            <action android:name="android.intent.action.VIEW" />
49-->[com.google.android.gms:play-services-ads-lite:22.0.0] AndroidManifest.xml:36:13-65
49-->[com.google.android.gms:play-services-ads-lite:22.0.0] AndroidManifest.xml:36:21-62
50
51            <category android:name="android.intent.category.BROWSABLE" />
51-->[com.google.android.gms:play-services-ads-lite:22.0.0] AndroidManifest.xml:38:13-74
51-->[com.google.android.gms:play-services-ads-lite:22.0.0] AndroidManifest.xml:38:23-71
52
53            <data android:scheme="https" />
53-->[com.google.android.gms:play-services-ads-lite:22.0.0] AndroidManifest.xml:40:13-44
53-->[com.google.android.gms:play-services-ads-lite:22.0.0] AndroidManifest.xml:40:19-41
54        </intent>
55        <!-- End of browser content -->
56        <!-- For CustomTabsService -->
57        <intent>
57-->[com.google.android.gms:play-services-ads-lite:22.0.0] AndroidManifest.xml:44:9-46:18
58            <action android:name="android.support.customtabs.action.CustomTabsService" />
58-->[com.google.android.gms:play-services-ads-lite:22.0.0] AndroidManifest.xml:45:13-90
58-->[com.google.android.gms:play-services-ads-lite:22.0.0] AndroidManifest.xml:45:21-87
59        </intent>
60        <!-- End of CustomTabsService -->
61    </queries>
62
63    <permission
63-->[androidx.core:core:1.9.0] AndroidManifest.xml:22:5-24:47
64        android:name="com.hijiyam_koubou.marasongs.DYNAMIC_RECEIVER_NOT_EXPORTED_PERMISSION"
64-->[androidx.core:core:1.9.0] AndroidManifest.xml:23:9-81
65        android:protectionLevel="signature" />
65-->[androidx.core:core:1.9.0] AndroidManifest.xml:24:9-44
66
67    <uses-permission android:name="com.hijiyam_koubou.marasongs.DYNAMIC_RECEIVER_NOT_EXPORTED_PERMISSION" />
67-->[androidx.core:core:1.9.0] AndroidManifest.xml:26:5-97
67-->[androidx.core:core:1.9.0] AndroidManifest.xml:26:22-94
68
69    <application
69-->src\main\AndroidManifest.xml:40:5-210:19
70        android:name="com.hijiyam_koubou.marasongs.MyApp"
70-->src\main\AndroidManifest.xml:41:9-30
71        android:allowTaskReparenting="true"
71-->src\main\AndroidManifest.xml:42:9-44
72        android:appComponentFactory="androidx.core.app.CoreComponentFactory"
72-->[androidx.core:core:1.9.0] AndroidManifest.xml:28:18-86
73        android:debuggable="true"
74        android:extractNativeLibs="false"
75        android:icon="@drawable/ic_launcher"
75-->src\main\AndroidManifest.xml:43:9-45
76        android:label="@string/app_name"
76-->src\main\AndroidManifest.xml:44:9-41
77        android:largeHeap="true"
77-->src\main\AndroidManifest.xml:45:9-33
78        android:testOnly="true"
79        android:theme="@style/Theme.AppCompat"
79-->src\main\AndroidManifest.xml:46:9-47
80        android:usesCleartextTraffic="true" >
80-->src\main\AndroidManifest.xml:47:9-44
81
82        <!-- TODO: Replace with your real AdMob app ID をactivityに置くとUnable to get providernなのでapplication直下へ -->
83        <meta-data
83-->src\main\AndroidManifest.xml:50:13-52:58
84            android:name="com.google.android.gms.ads.APPLICATION_ID"
84-->src\main\AndroidManifest.xml:51:17-73
85            android:value="@string/banner_test_id" />
85-->src\main\AndroidManifest.xml:52:17-55
86        <!-- <meta-data -->
87        <!-- android:name="com.google.android.gms.ads.APPLICATION_ID" -->
88        <!-- android:value="@string/banner_ad_unit_id" /> -->
89        <service
89-->src\main\AndroidManifest.xml:56:9-65:19
90            android:name="com.hijiyam_koubou.marasongs.MusicService"
90-->src\main\AndroidManifest.xml:57:13-41
91            android:enabled="true"
91-->src\main\AndroidManifest.xml:59:13-35
92            android:exported="true"
92-->src\main\AndroidManifest.xml:60:13-36
93            android:foregroundServiceType="mediaPlayback"
93-->src\main\AndroidManifest.xml:58:13-58
94            android:permission="TODO" >
94-->src\main\AndroidManifest.xml:61:13-38
95            <intent-filter>
95-->src\main\AndroidManifest.xml:62:13-64:29
96                <action android:name="androidx.media3.session.MediaSessionService" />
96-->src\main\AndroidManifest.xml:63:17-85
96-->src\main\AndroidManifest.xml:63:25-83
97            </intent-filter>
98        </service>
99
100        <!-- java.lang.IllegalStateException: Expected 1 broadcast receiver that handles android.intent.action.MEDIA_BUTTON, found 3 -->
101        <!-- <receiver -->
102        <!-- android:name=".MusicPlayerReceiver" -->
103        <!-- android:exported="true"> -->
104        <!-- <intent-filter> -->
105
106
107        <!-- &lt;!&ndash; action android:name="android.media.AUDIO_BECOMING_NOISY" /> &ndash;&gt; -->
108        <!-- <action android:name="android.intent.action.MEDIA_BUTTON" /> -->
109        <!-- </intent-filter> -->
110        <!-- </receiver> -->
111        <!-- <meta-data -->
112        <!-- android:name="com.google.android.gms.ads.AD_MANAGER_APP" -->
113        <!-- android:value="true" /> -->
114        <!--
115   ここだと  Unable to get provider com.google.android.gms.ads.MobileAdsInitProvider: java.lang.IllegalStateException:
116		<meta-data
117        -->
118        <!-- android:requestLegacyExternalStorage="true" Android Q -->
119        <!-- android:name="com.google.android.gms.ads.APPLICATION_ID" -->
120        <!-- android:value="@string/banner_ad_unit_id"/> -->
121        <meta-data
121-->src\main\AndroidManifest.xml:87:9-89:69
122            android:name="com.google.android.gms.version"
122-->src\main\AndroidManifest.xml:88:13-58
123            android:value="@integer/google_play_services_version" />
123-->src\main\AndroidManifest.xml:89:13-66
124        <meta-data
124-->src\main\AndroidManifest.xml:90:9-92:37
125            android:name="NendDebuggable"
125-->src\main\AndroidManifest.xml:91:13-42
126            android:value="false" />
126-->src\main\AndroidManifest.xml:92:13-34
127
128        <activity
128-->src\main\AndroidManifest.xml:94:9-106:20
129            android:name="com.hijiyam_koubou.marasongs.MuList"
129-->src\main\AndroidManifest.xml:95:13-35
130            android:excludeFromRecents="true"
130-->src\main\AndroidManifest.xml:96:13-46
131            android:exported="true"
131-->src\main\AndroidManifest.xml:97:13-36
132            android:screenOrientation="fullSensor"
132-->src\main\AndroidManifest.xml:98:13-51
133            android:taskAffinity=""
133-->src\main\AndroidManifest.xml:99:13-36
134            android:theme="@style/AppTheme" >
134-->src\main\AndroidManifest.xml:100:13-44
135            <intent-filter>
135-->src\main\AndroidManifest.xml:101:13-105:29
136                <action android:name="android.intent.action.MAIN" />
136-->src\main\AndroidManifest.xml:102:17-69
136-->src\main\AndroidManifest.xml:102:25-66
137
138                <category android:name="android.intent.category.LAUNCHER" />
138-->src\main\AndroidManifest.xml:104:17-77
138-->src\main\AndroidManifest.xml:104:27-74
139            </intent-filter>
140        </activity>
141        <activity
141-->src\main\AndroidManifest.xml:107:9-119:20
142            android:name="com.hijiyam_koubou.marasongs.MaraSonActivity"
142-->src\main\AndroidManifest.xml:108:13-44
143            android:excludeFromRecents="true"
143-->src\main\AndroidManifest.xml:109:13-46
144            android:screenOrientation="fullSensor"
144-->src\main\AndroidManifest.xml:110:13-51
145            android:taskAffinity=""
145-->src\main\AndroidManifest.xml:111:13-36
146            android:theme="@style/AppTheme" >
146-->src\main\AndroidManifest.xml:112:13-44
147
148            <!-- <meta-data -->
149            <!-- android:name="com.google.android.gms.ads.APPLICATION_ID" -->
150            <!-- android:value="@string/banner_test_id" /> -->
151            <!-- <meta-data -->
152            <!-- android:name="com.google.android.gms.ads.APPLICATION_ID" -->
153            <!-- android:value="@string/banner_ad_unit_id" /> -->
154        </activity>
155        <activity
155-->src\main\AndroidManifest.xml:120:9-123:59
156            android:name="com.hijiyam_koubou.marasongs.AllSongs"
156-->src\main\AndroidManifest.xml:121:13-37
157            android:multiprocess="true"
157-->src\main\AndroidManifest.xml:122:13-40
158            android:theme="@android:style/Theme.Dialog" />
158-->src\main\AndroidManifest.xml:123:13-56
159        <activity android:name="com.hijiyam_koubou.marasongs.CreditNameHensyuu" />
159-->src\main\AndroidManifest.xml:124:9-55
159-->src\main\AndroidManifest.xml:124:19-52
160        <activity
160-->src\main\AndroidManifest.xml:125:9-127:40
161            android:name="com.hijiyam_koubou.marasongs.SettingActivity"
161-->src\main\AndroidManifest.xml:126:13-44
162            android:exported="false" />
162-->src\main\AndroidManifest.xml:127:13-37
163        <activity
163-->src\main\AndroidManifest.xml:128:9-130:54
164            android:name="com.hijiyam_koubou.marasongs.wKit"
164-->src\main\AndroidManifest.xml:129:13-33
165            android:screenOrientation="fullSensor" />
165-->src\main\AndroidManifest.xml:130:13-51
166
167        <!-- <service -->
168        <!-- android:name=".MusicPlayerService" -->
169        <!-- android:exported="true"> -->
170        <!-- <intent-filter> -->
171        <!-- <action android:name="com.hijiyam_koubou.marasongs.ACTION_PLAYPAUSE" /> -->
172        <!-- <action android:name="com.hijiyam_koubou.marasongs.ACTION_PLAY" /> -->
173        <!-- <action android:name="com.hijiyam_koubou.marasongs.ACTION_PAUSE" /> -->
174        <!-- <action android:name="com.hijiyam_koubou.marasongs.ACTION_SKIP" /> -->
175        <!-- <action android:name="com.hijiyam_koubou.marasongs.ACTION_REWIND" /> -->
176        <!-- <action android:name="com.hijiyam_koubou.marasongs.ACTION_STOP" /> -->
177        <!-- <action android:name="com.hijiyam_koubou.marasongs.ACTION_REQUEST_STATE" /> -->
178        <!-- <action android:name="com.hijiyam_koubou.marasongs.ACTION_SYUURYOU" /> -->
179        <!-- <action android:name="android.media.browse.MediaBrowserService" /> -->
180        <!-- </intent-filter> -->
181        <!-- </service> -->
182
183
184        <!-- <receiver -->
185        <!-- android:name="androidx.media.session.MediaButtonReceiver" -->
186        <!-- android:exported="true"> -->
187        <!-- <intent-filter> -->
188        <!-- <action android:name="android.intent.action.MEDIA_BUTTON" /> -->
189        <!-- </intent-filter> -->
190        <!-- </receiver> -->
191
192        <receiver
192-->src\main\AndroidManifest.xml:156:9-161:28
193            android:name="com.hijiyam_koubou.marasongs.MusicPlayerReceiver"
193-->src\main\AndroidManifest.xml:156:19-54
194            android:exported="false" >
194-->src\main\AndroidManifest.xml:157:21-45
195
196            <!-- <intent-filter> -->
197            <!-- <action android:name="android.intent.action.MEDIA_BUTTON" /> -->
198            <!-- </intent-filter> -->
199        </receiver>
200        <receiver
200-->src\main\AndroidManifest.xml:163:9-171:20
201            android:name="com.hijiyam_koubou.marasongs.NotifRecever"
201-->src\main\AndroidManifest.xml:164:13-41
202            android:exported="true" >
202-->src\main\AndroidManifest.xml:165:13-36
203            <intent-filter>
203-->src\main\AndroidManifest.xml:166:13-170:29
204                <action android:name="jp.test.tryforegroundservicesample.action.SEND" />
204-->src\main\AndroidManifest.xml:167:17-89
204-->src\main\AndroidManifest.xml:167:25-86
205
206                <category android:name="android.intent.category.DEFAULT" />
206-->src\main\AndroidManifest.xml:169:17-76
206-->src\main\AndroidManifest.xml:169:27-73
207            </intent-filter>
208        </receiver>
209        <receiver
209-->src\main\AndroidManifest.xml:172:9-187:20
210            android:name="com.hijiyam_koubou.marasongs.BuletoohtReceiver"
210-->src\main\AndroidManifest.xml:173:13-46
211            android:exported="true" >
211-->src\main\AndroidManifest.xml:174:13-36
212            <intent-filter>
212-->src\main\AndroidManifest.xml:175:13-186:29
213                <action android:name="android.bluetooth.BluetoothDevice.ACTION_ACL_CONNECTED" />
213-->src\main\AndroidManifest.xml:176:17-97
213-->src\main\AndroidManifest.xml:176:25-94
214                <action android:name="android.bluetooth.adapter.action.STATE_CHANGED" />
214-->src\main\AndroidManifest.xml:177:17-89
214-->src\main\AndroidManifest.xml:177:25-86
215                <action android:name="android.bluetooth.device.action.FOUND" />
215-->src\main\AndroidManifest.xml:178:17-80
215-->src\main\AndroidManifest.xml:178:25-77
216                <action android:name="android.bluetoothA2dp.action.CONNECTION_STATE_CHANGED" />
216-->src\main\AndroidManifest.xml:179:17-96
216-->src\main\AndroidManifest.xml:179:25-93
217                <action android:name="android.bluetoothA2dp.action.PLAYING_STATE_CHANGED" />
217-->src\main\AndroidManifest.xml:180:17-93
217-->src\main\AndroidManifest.xml:180:25-90
218                <action android:name="android.media.AUDIO_BECOMING_NOISY" />
218-->src\main\AndroidManifest.xml:181:17-77
218-->src\main\AndroidManifest.xml:181:25-74
219                <action android:name="android.intent.action.MEDIA_BUTTON" /> <!-- 操作ボタン対応？ -->
219-->src\main\AndroidManifest.xml:182:17-77
219-->src\main\AndroidManifest.xml:182:25-74
220                <action
220-->src\main\AndroidManifest.xml:183:17-185:46
221                    android:name="android.intent.action.PACKAGE_ADDED"
221-->src\main\AndroidManifest.xml:184:21-71
222                    android:priority="200" />
222-->src\main\AndroidManifest.xml:185:21-43
223            </intent-filter>
224        </receiver>
225        <receiver
225-->src\main\AndroidManifest.xml:188:9-201:20
226            android:name="com.hijiyam_koubou.marasongs.lsRecever"
226-->src\main\AndroidManifest.xml:189:13-38
227            android:description="@string/sample_device_admin_description"
227-->src\main\AndroidManifest.xml:190:13-74
228            android:exported="true"
228-->src\main\AndroidManifest.xml:191:13-36
229            android:label="@string/sample_device_admin"
229-->src\main\AndroidManifest.xml:192:13-56
230            android:permission="android.permission.BIND_DEVICE_ADMIN" >
230-->src\main\AndroidManifest.xml:193:13-70
231            <meta-data
231-->src\main\AndroidManifest.xml:194:13-196:55
232                android:name="android.app.device_admin"
232-->src\main\AndroidManifest.xml:195:17-56
233                android:resource="@xml/ls_resource" />
233-->src\main\AndroidManifest.xml:196:17-52
234
235            <intent-filter>
235-->src\main\AndroidManifest.xml:198:13-200:29
236                <action android:name="android.app.action.DEVICE_ADMIN_ENABLED" />
236-->src\main\AndroidManifest.xml:199:17-82
236-->src\main\AndroidManifest.xml:199:25-79
237            </intent-filter>
238        </receiver>
239
240        <activity
240-->src\main\AndroidManifest.xml:203:9-206:64
241            android:name="com.google.android.gms.ads.AdActivity"
241-->src\main\AndroidManifest.xml:204:13-65
242            android:configChanges="keyboard|keyboardHidden|orientation|screenLayout|uiMode|screenSize|smallestScreenSize"
242-->src\main\AndroidManifest.xml:205:13-122
243            android:exported="false"
243-->[com.google.android.gms:play-services-ads-lite:22.0.0] AndroidManifest.xml:56:13-37
244            android:theme="@android:style/Theme.Translucent" />
244-->src\main\AndroidManifest.xml:206:13-61
245        <activity
245-->src\main\AndroidManifest.xml:207:9-209:66
246            android:name="com.hijiyam_koubou.marasongs.TagBrows"
246-->src\main\AndroidManifest.xml:208:13-37
247            android:theme="@style/Theme.TranslucentBackground" />
247-->src\main\AndroidManifest.xml:209:13-63
248
249        <meta-data
249-->[androidx.media3:media3-exoplayer-ima:1.0.1] AndroidManifest.xml:25:9-27:36
250            android:name="com.google.android.gms.ads.AD_MANAGER_APP"
250-->[androidx.media3:media3-exoplayer-ima:1.0.1] AndroidManifest.xml:26:13-69
251            android:value="true" />
251-->[androidx.media3:media3-exoplayer-ima:1.0.1] AndroidManifest.xml:27:13-33
252
253        <provider
253-->[com.google.android.gms:play-services-ads-lite:22.0.0] AndroidManifest.xml:60:9-65:43
254            android:name="com.google.android.gms.ads.MobileAdsInitProvider"
254-->[com.google.android.gms:play-services-ads-lite:22.0.0] AndroidManifest.xml:61:13-76
255            android:authorities="com.hijiyam_koubou.marasongs.mobileadsinitprovider"
255-->[com.google.android.gms:play-services-ads-lite:22.0.0] AndroidManifest.xml:62:13-73
256            android:exported="false"
256-->[com.google.android.gms:play-services-ads-lite:22.0.0] AndroidManifest.xml:63:13-37
257            android:initOrder="100" />
257-->[com.google.android.gms:play-services-ads-lite:22.0.0] AndroidManifest.xml:64:13-36
258
259        <service
259-->[com.google.android.gms:play-services-ads-lite:22.0.0] AndroidManifest.xml:67:9-71:43
260            android:name="com.google.android.gms.ads.AdService"
260-->[com.google.android.gms:play-services-ads-lite:22.0.0] AndroidManifest.xml:68:13-64
261            android:enabled="true"
261-->[com.google.android.gms:play-services-ads-lite:22.0.0] AndroidManifest.xml:69:13-35
262            android:exported="false" />
262-->[com.google.android.gms:play-services-ads-lite:22.0.0] AndroidManifest.xml:70:13-37
263
264        <activity
264-->[com.google.android.gms:play-services-ads-lite:22.0.0] AndroidManifest.xml:73:9-77:43
265            android:name="com.google.android.gms.ads.OutOfContextTestingActivity"
265-->[com.google.android.gms:play-services-ads-lite:22.0.0] AndroidManifest.xml:74:13-82
266            android:configChanges="keyboard|keyboardHidden|orientation|screenLayout|uiMode|screenSize|smallestScreenSize"
266-->[com.google.android.gms:play-services-ads-lite:22.0.0] AndroidManifest.xml:75:13-122
267            android:exported="false" />
267-->[com.google.android.gms:play-services-ads-lite:22.0.0] AndroidManifest.xml:76:13-37
268        <activity
268-->[com.google.android.gms:play-services-base:18.1.0] AndroidManifest.xml:20:9-22:45
269            android:name="com.google.android.gms.common.api.GoogleApiActivity"
269-->[com.google.android.gms:play-services-base:18.1.0] AndroidManifest.xml:20:19-85
270            android:exported="false"
270-->[com.google.android.gms:play-services-base:18.1.0] AndroidManifest.xml:22:19-43
271            android:theme="@android:style/Theme.Translucent.NoTitleBar" />
271-->[com.google.android.gms:play-services-base:18.1.0] AndroidManifest.xml:21:19-78
272
273        <provider
273-->[androidx.emoji2:emoji2:1.2.0] AndroidManifest.xml:24:9-32:20
274            android:name="androidx.startup.InitializationProvider"
274-->[androidx.emoji2:emoji2:1.2.0] AndroidManifest.xml:25:13-67
275            android:authorities="com.hijiyam_koubou.marasongs.androidx-startup"
275-->[androidx.emoji2:emoji2:1.2.0] AndroidManifest.xml:26:13-68
276            android:exported="false" >
276-->[androidx.emoji2:emoji2:1.2.0] AndroidManifest.xml:27:13-37
277            <meta-data
277-->[androidx.emoji2:emoji2:1.2.0] AndroidManifest.xml:29:13-31:52
278                android:name="androidx.emoji2.text.EmojiCompatInitializer"
278-->[androidx.emoji2:emoji2:1.2.0] AndroidManifest.xml:30:17-75
279                android:value="androidx.startup" />
279-->[androidx.emoji2:emoji2:1.2.0] AndroidManifest.xml:31:17-49
280            <meta-data
280-->[androidx.work:work-runtime:2.7.0] AndroidManifest.xml:36:13-38:52
281                android:name="androidx.work.WorkManagerInitializer"
281-->[androidx.work:work-runtime:2.7.0] AndroidManifest.xml:37:17-68
282                android:value="androidx.startup" />
282-->[androidx.work:work-runtime:2.7.0] AndroidManifest.xml:38:17-49
283            <meta-data
283-->[androidx.lifecycle:lifecycle-process:2.4.1] AndroidManifest.xml:31:13-33:52
284                android:name="androidx.lifecycle.ProcessLifecycleInitializer"
284-->[androidx.lifecycle:lifecycle-process:2.4.1] AndroidManifest.xml:32:17-78
285                android:value="androidx.startup" />
285-->[androidx.lifecycle:lifecycle-process:2.4.1] AndroidManifest.xml:33:17-49
286        </provider>
287
288        <service
288-->[androidx.work:work-runtime:2.7.0] AndroidManifest.xml:41:9-46:35
289            android:name="androidx.work.impl.background.systemalarm.SystemAlarmService"
289-->[androidx.work:work-runtime:2.7.0] AndroidManifest.xml:42:13-88
290            android:directBootAware="false"
290-->[androidx.work:work-runtime:2.7.0] AndroidManifest.xml:43:13-44
291            android:enabled="@bool/enable_system_alarm_service_default"
291-->[androidx.work:work-runtime:2.7.0] AndroidManifest.xml:44:13-72
292            android:exported="false" />
292-->[androidx.work:work-runtime:2.7.0] AndroidManifest.xml:45:13-37
293        <service
293-->[androidx.work:work-runtime:2.7.0] AndroidManifest.xml:47:9-53:35
294            android:name="androidx.work.impl.background.systemjob.SystemJobService"
294-->[androidx.work:work-runtime:2.7.0] AndroidManifest.xml:48:13-84
295            android:directBootAware="false"
295-->[androidx.work:work-runtime:2.7.0] AndroidManifest.xml:49:13-44
296            android:enabled="@bool/enable_system_job_service_default"
296-->[androidx.work:work-runtime:2.7.0] AndroidManifest.xml:50:13-70
297            android:exported="true"
297-->[androidx.work:work-runtime:2.7.0] AndroidManifest.xml:51:13-36
298            android:permission="android.permission.BIND_JOB_SERVICE" />
298-->[androidx.work:work-runtime:2.7.0] AndroidManifest.xml:52:13-69
299        <service
299-->[androidx.work:work-runtime:2.7.0] AndroidManifest.xml:54:9-59:35
300            android:name="androidx.work.impl.foreground.SystemForegroundService"
300-->[androidx.work:work-runtime:2.7.0] AndroidManifest.xml:55:13-81
301            android:directBootAware="false"
301-->[androidx.work:work-runtime:2.7.0] AndroidManifest.xml:56:13-44
302            android:enabled="@bool/enable_system_foreground_service_default"
302-->[androidx.work:work-runtime:2.7.0] AndroidManifest.xml:57:13-77
303            android:exported="false" />
303-->[androidx.work:work-runtime:2.7.0] AndroidManifest.xml:58:13-37
304
305        <receiver
305-->[androidx.work:work-runtime:2.7.0] AndroidManifest.xml:61:9-66:35
306            android:name="androidx.work.impl.utils.ForceStopRunnable$BroadcastReceiver"
306-->[androidx.work:work-runtime:2.7.0] AndroidManifest.xml:62:13-88
307            android:directBootAware="false"
307-->[androidx.work:work-runtime:2.7.0] AndroidManifest.xml:63:13-44
308            android:enabled="true"
308-->[androidx.work:work-runtime:2.7.0] AndroidManifest.xml:64:13-35
309            android:exported="false" />
309-->[androidx.work:work-runtime:2.7.0] AndroidManifest.xml:65:13-37
310        <receiver
310-->[androidx.work:work-runtime:2.7.0] AndroidManifest.xml:67:9-77:20
311            android:name="androidx.work.impl.background.systemalarm.ConstraintProxy$BatteryChargingProxy"
311-->[androidx.work:work-runtime:2.7.0] AndroidManifest.xml:68:13-106
312            android:directBootAware="false"
312-->[androidx.work:work-runtime:2.7.0] AndroidManifest.xml:69:13-44
313            android:enabled="false"
313-->[androidx.work:work-runtime:2.7.0] AndroidManifest.xml:70:13-36
314            android:exported="false" >
314-->[androidx.work:work-runtime:2.7.0] AndroidManifest.xml:71:13-37
315            <intent-filter>
315-->[androidx.work:work-runtime:2.7.0] AndroidManifest.xml:73:13-76:29
316                <action android:name="android.intent.action.ACTION_POWER_CONNECTED" />
316-->[androidx.work:work-runtime:2.7.0] AndroidManifest.xml:74:17-87
316-->[androidx.work:work-runtime:2.7.0] AndroidManifest.xml:74:25-84
317                <action android:name="android.intent.action.ACTION_POWER_DISCONNECTED" />
317-->[androidx.work:work-runtime:2.7.0] AndroidManifest.xml:75:17-90
317-->[androidx.work:work-runtime:2.7.0] AndroidManifest.xml:75:25-87
318            </intent-filter>
319        </receiver>
320        <receiver
320-->[androidx.work:work-runtime:2.7.0] AndroidManifest.xml:78:9-88:20
321            android:name="androidx.work.impl.background.systemalarm.ConstraintProxy$BatteryNotLowProxy"
321-->[androidx.work:work-runtime:2.7.0] AndroidManifest.xml:79:13-104
322            android:directBootAware="false"
322-->[androidx.work:work-runtime:2.7.0] AndroidManifest.xml:80:13-44
323            android:enabled="false"
323-->[androidx.work:work-runtime:2.7.0] AndroidManifest.xml:81:13-36
324            android:exported="false" >
324-->[androidx.work:work-runtime:2.7.0] AndroidManifest.xml:82:13-37
325            <intent-filter>
325-->[androidx.work:work-runtime:2.7.0] AndroidManifest.xml:84:13-87:29
326                <action android:name="android.intent.action.BATTERY_OKAY" />
326-->[androidx.work:work-runtime:2.7.0] AndroidManifest.xml:85:17-77
326-->[androidx.work:work-runtime:2.7.0] AndroidManifest.xml:85:25-74
327                <action android:name="android.intent.action.BATTERY_LOW" />